This file contains any messages produced by compilers while
running configure, to aid debugging if configure makes a mistake.

It was created by PR configure 0.0.1, which was
generated by GNU Autoconf 2.69.  Invocation command line was

  $ /home/katy/eclipse-workspacePR/tme7-KatiaAMICHI/configure 

## --------- ##
## Platform. ##
## --------- ##

hostname = katySpr
uname -m = x86_64
uname -r = 4.13.0-46-generic
uname -s = Linux
uname -v = #51-Ubuntu SMP Tue Jun 12 12:36:29 UTC 2018

/usr/bin/uname -p = unknown
/bin/uname -X     = unknown

/bin/arch              = unknown
/usr/bin/arch -k       = unknown
/usr/convex/getsysinfo = unknown
/usr/bin/hostinfo      = unknown
/bin/machine           = unknown
/usr/bin/oslevel       = unknown
/bin/universe          = unknown

PATH: /usr/local/sbin
PATH: /usr/local/bin
PATH: /usr/sbin
PATH: /usr/bin
PATH: /sbin
PATH: /bin
PATH: /usr/games
PATH: /usr/local/games
PATH: /snap/bin


## ----------- ##
## Core tests. ##
## ----------- ##

configure:1894: checking for a BSD-compatible install
configure:1962: result: /usr/bin/install -c
configure:1973: checking whether build environment is sane
configure:2028: result: yes
configure:2179: checking for a thread-safe mkdir -p
configure:2218: result: /bin/mkdir -p
configure:2225: checking for gawk
configure:2255: result: no
configure:2225: checking for mawk
configure:2241: found /usr/bin/mawk
configure:2252: result: mawk
configure:2263: checking whether make sets $(MAKE)
configure:2285: result: yes
configure:2314: checking whether make supports nested variables
configure:2331: result: yes
configure:2519: checking for gcc
configure:2535: found /usr/bin/gcc
configure:2546: result: gcc
configure:2775: checking for C compiler version
configure:2784: gcc --version >&5
gcc (Ubuntu 7.2.0-8ubuntu3.2) 7.2.0
Copyright (C) 2017 Free Software Foundation, Inc.
This is free software; see the source for copying conditions.  There is NO
warranty; not even for MERCHANTABILITY or FITNESS FOR A PARTICULAR PURPOSE.

configure:2795: $? = 0
configure:2784: gcc -v >&5
Using built-in specs.
COLLECT_GCC=gcc
COLLECT_LTO_WRAPPER=/usr/lib/gcc/x86_64-linux-gnu/7/lto-wrapper
OFFLOAD_TARGET_NAMES=nvptx-none
OFFLOAD_TARGET_DEFAULT=1
Target: x86_64-linux-gnu
Configured with: ../src/configure -v --with-pkgversion='Ubuntu 7.2.0-8ubuntu3.2' --with-bugurl=file:///usr/share/doc/gcc-7/README.Bugs --enable-languages=c,ada,c++,go,brig,d,fortran,objc,obj-c++ --prefix=/usr --with-gcc-major-version-only --program-suffix=-7 --program-prefix=x86_64-linux-gnu- --enable-shared --enable-linker-build-id --libexecdir=/usr/lib --without-included-gettext --enable-threads=posix --libdir=/usr/lib --enable-nls --with-sysroot=/ --enable-clocale=gnu --enable-libstdcxx-debug --enable-libstdcxx-time=yes --with-default-libstdcxx-abi=new --enable-gnu-unique-object --disable-vtable-verify --enable-libmpx --enable-plugin --enable-default-pie --with-system-zlib --with-target-system-zlib --enable-objc-gc=auto --enable-multiarch --disable-werror --with-arch-32=i686 --with-abi=m64 --with-multilib-list=m32,m64,mx32 --enable-multilib --with-tune=generic --enable-offload-targets=nvptx-none --without-cuda-driver --enable-checking=release --build=x86_64-linux-gnu --host=x86_64-linux-gnu --target=x86_64-linux-gnu
Thread model: posix
gcc version 7.2.0 (Ubuntu 7.2.0-8ubuntu3.2) 
configure:2795: $? = 0
configure:2784: gcc -V >&5
gcc: error: unrecognized command line option '-V'
gcc: fatal error: no input files
compilation terminated.
configure:2795: $? = 1
configure:2784: gcc -qversion >&5
gcc: error: unrecognized command line option '-qversion'; did you mean '--version'?
gcc: fatal error: no input files
compilation terminated.
configure:2795: $? = 1
configure:2815: checking whether the C compiler works
configure:2837: gcc    conftest.c  >&5
configure:2841: $? = 0
configure:2889: result: yes
configure:2892: checking for C compiler default output file name
configure:2894: result: a.out
configure:2900: checking for suffix of executables
configure:2907: gcc -o conftest    conftest.c  >&5
configure:2911: $? = 0
configure:2933: result: 
configure:2955: checking whether we are cross compiling
configure:2963: gcc -o conftest    conftest.c  >&5
configure:2967: $? = 0
configure:2974: ./conftest
configure:2978: $? = 0
configure:2993: result: no
configure:2998: checking for suffix of object files
configure:3020: gcc -c   conftest.c >&5
configure:3024: $? = 0
configure:3045: result: o
configure:3049: checking whether we are using the GNU C compiler
configure:3068: gcc -c   conftest.c >&5
configure:3068: $? = 0
configure:3077: result: yes
configure:3086: checking whether gcc accepts -g
configure:3106: gcc -c -g  conftest.c >&5
configure:3106: $? = 0
configure:3147: result: yes
configure:3164: checking for gcc option to accept ISO C89
configure:3227: gcc  -c -g -O2  conftest.c >&5
configure:3227: $? = 0
configure:3240: result: none needed
configure:3265: checking whether gcc understands -c and -o together
configure:3287: gcc -c conftest.c -o conftest2.o
configure:3290: $? = 0
configure:3287: gcc -c conftest.c -o conftest2.o
configure:3290: $? = 0
configure:3302: result: yes
configure:3330: checking for style of include used by make
configure:3358: result: GNU
configure:3384: checking dependency style of gcc
configure:3495: result: gcc3
configure:3568: checking for g++
configure:3584: found /usr/bin/g++
configure:3595: result: g++
configure:3622: checking for C++ compiler version
configure:3631: g++ --version >&5
g++ (Ubuntu 7.2.0-8ubuntu3.2) 7.2.0
Copyright (C) 2017 Free Software Foundation, Inc.
This is free software; see the source for copying conditions.  There is NO
warranty; not even for MERCHANTABILITY or FITNESS FOR A PARTICULAR PURPOSE.

configure:3642: $? = 0
configure:3631: g++ -v >&5
Using built-in specs.
COLLECT_GCC=g++
COLLECT_LTO_WRAPPER=/usr/lib/gcc/x86_64-linux-gnu/7/lto-wrapper
OFFLOAD_TARGET_NAMES=nvptx-none
OFFLOAD_TARGET_DEFAULT=1
Target: x86_64-linux-gnu
Configured with: ../src/configure -v --with-pkgversion='Ubuntu 7.2.0-8ubuntu3.2' --with-bugurl=file:///usr/share/doc/gcc-7/README.Bugs --enable-languages=c,ada,c++,go,brig,d,fortran,objc,obj-c++ --prefix=/usr --with-gcc-major-version-only --program-suffix=-7 --program-prefix=x86_64-linux-gnu- --enable-shared --enable-linker-build-id --libexecdir=/usr/lib --without-included-gettext --enable-threads=posix --libdir=/usr/lib --enable-nls --with-sysroot=/ --enable-clocale=gnu --enable-libstdcxx-debug --enable-libstdcxx-time=yes --with-default-libstdcxx-abi=new --enable-gnu-unique-object --disable-vtable-verify --enable-libmpx --enable-plugin --enable-default-pie --with-system-zlib --with-target-system-zlib --enable-objc-gc=auto --enable-multiarch --disable-werror --with-arch-32=i686 --with-abi=m64 --with-multilib-list=m32,m64,mx32 --enable-multilib --with-tune=generic --enable-offload-targets=nvptx-none --without-cuda-driver --enable-checking=release --build=x86_64-linux-gnu --host=x86_64-linux-gnu --target=x86_64-linux-gnu
Thread model: posix
gcc version 7.2.0 (Ubuntu 7.2.0-8ubuntu3.2) 
configure:3642: $? = 0
configure:3631: g++ -V >&5
g++: error: unrecognized command line option '-V'
g++: fatal error: no input files
compilation terminated.
configure:3642: $? = 1
configure:3631: g++ -qversion >&5
g++: error: unrecognized command line option '-qversion'; did you mean '--version'?
g++: fatal error: no input files
compilation terminated.
configure:3642: $? = 1
configure:3646: checking whether we are using the GNU C++ compiler
configure:3665: g++ -c -std=c++1y   conftest.cpp >&5
configure:3665: $? = 0
configure:3674: result: yes
configure:3683: checking whether g++ accepts -g
configure:3703: g++ -c -g  conftest.cpp >&5
configure:3703: $? = 0
configure:3744: result: yes
configure:3769: checking dependency style of g++
configure:3880: result: gcc3
configure:4051: checking that generated files are newer than configure
configure:4057: result: done
configure:4084: creating ./config.status

## ---------------------- ##
## Running config.status. ##
## ---------------------- ##

This file was extended by PR config.status 0.0.1, which was
generated by GNU Autoconf 2.69.  Invocation command line was

  CONFIG_FILES    = 
  CONFIG_HEADERS  = 
  CONFIG_LINKS    = 
  CONFIG_COMMANDS = 
  $ ./config.status 

on katySpr

config.status:780: creating Makefile
config.status:780: creating src/Makefile
config.status:952: executing depfiles commands

## ---------------- ##
## Cache variables. ##
## ---------------- ##

ac_cv_c_compiler_gnu=yes
ac_cv_cxx_compiler_gnu=yes
ac_cv_env_CCC_set=
ac_cv_env_CCC_value=
ac_cv_env_CC_set=
ac_cv_env_CC_value=
ac_cv_env_CFLAGS_set=
ac_cv_env_CFLAGS_value=
ac_cv_env_CPPFLAGS_set=
ac_cv_env_CPPFLAGS_value=
ac_cv_env_CXXFLAGS_set=
ac_cv_env_CXXFLAGS_value=
ac_cv_env_CXX_set=
ac_cv_env_CXX_value=
ac_cv_env_LDFLAGS_set=
ac_cv_env_LDFLAGS_value=
ac_cv_env_LIBS_set=
ac_cv_env_LIBS_value=
ac_cv_env_build_alias_set=
ac_cv_env_build_alias_value=
ac_cv_env_host_alias_set=
ac_cv_env_host_alias_value=
ac_cv_env_target_alias_set=
ac_cv_env_target_alias_value=
ac_cv_objext=o
ac_cv_path_install='/usr/bin/install -c'
ac_cv_path_mkdir=/bin/mkdir
ac_cv_prog_AWK=mawk
ac_cv_prog_ac_ct_CC=gcc
ac_cv_prog_ac_ct_CXX=g++
ac_cv_prog_cc_c89=
ac_cv_prog_cc_g=yes
ac_cv_prog_cxx_g=yes
ac_cv_prog_make_make_set=yes
am_cv_CC_dependencies_compiler_type=gcc3
am_cv_CXX_dependencies_compiler_type=gcc3
am_cv_make_support_nested_variables=yes
am_cv_prog_cc_c_o=yes

## ----------------- ##
## Output variables. ##
## ----------------- ##

ACLOCAL='${SHELL} /home/katy/eclipse-workspacePR/tme7-KatiaAMICHI/missing aclocal-1.15'
AMDEPBACKSLASH='\'
AMDEP_FALSE='#'
AMDEP_TRUE=''
AMTAR='$${TAR-tar}'
AM_BACKSLASH='\'
AM_DEFAULT_V='$(AM_DEFAULT_VERBOSITY)'
AM_DEFAULT_VERBOSITY='1'
AM_V='$(V)'
AUTOCONF='${SHELL} /home/katy/eclipse-workspacePR/tme7-KatiaAMICHI/missing autoconf'
AUTOHEADER='${SHELL} /home/katy/eclipse-workspacePR/tme7-KatiaAMICHI/missing autoheader'
AUTOMAKE='${SHELL} /home/katy/eclipse-workspacePR/tme7-KatiaAMICHI/missing automake-1.15'
AWK='mawk'
CC='gcc'
CCDEPMODE='depmode=gcc3'
CFLAGS='-g -O2'
CPPFLAGS=''
CXX='g++'
CXXDEPMODE='depmode=gcc3'
CXXFLAGS='-std=c++1y '
CYGPATH_W='echo'
DEFS='-DPACKAGE_NAME=\"PR\" -DPACKAGE_TARNAME=\"pr\" -DPACKAGE_VERSION=\"0.0.1\" -DPACKAGE_STRING=\"PR\ 0.0.1\" -DPACKAGE_BUGREPORT=\"bugs@bugs.org\" -DPACKAGE_URL=\"\" -DPACKAGE=\"pr\" -DVERSION=\"0.0.1\"'
DEPDIR='.deps'
ECHO_C=''
ECHO_N='-n'
ECHO_T=''
EXEEXT=''
INSTALL_DATA='${INSTALL} -m 644'
INSTALL_PROGRAM='${INSTALL}'
INSTALL_SCRIPT='${INSTALL}'
INSTALL_STRIP_PROGRAM='$(install_sh) -c -s'
LDFLAGS=''
LIBOBJS=''
LIBS=''
LTLIBOBJS=''
MAKEINFO='${SHELL} /home/katy/eclipse-workspacePR/tme7-KatiaAMICHI/missing makeinfo'
MKDIR_P='/bin/mkdir -p'
OBJEXT='o'
PACKAGE='pr'
PACKAGE_BUGREPORT='bugs@bugs.org'
PACKAGE_NAME='PR'
PACKAGE_STRING='PR 0.0.1'
PACKAGE_TARNAME='pr'
PACKAGE_URL=''
PACKAGE_VERSION='0.0.1'
PATH_SEPARATOR=':'
SET_MAKE=''
SHELL='/bin/bash'
STRIP=''
VERSION='0.0.1'
ac_ct_CC='gcc'
ac_ct_CXX='g++'
am__EXEEXT_FALSE=''
am__EXEEXT_TRUE='#'
am__fastdepCC_FALSE='#'
am__fastdepCC_TRUE=''
am__fastdepCXX_FALSE='#'
am__fastdepCXX_TRUE=''
am__include='include'
am__isrc=''
am__leading_dot='.'
am__nodep='_no'
am__quote=''
am__tar='$${TAR-tar} chof - "$$tardir"'
am__untar='$${TAR-tar} xf -'
bindir='${exec_prefix}/bin'
build_alias=''
datadir='${datarootdir}'
datarootdir='${prefix}/share'
docdir='${datarootdir}/doc/${PACKAGE_TARNAME}'
dvidir='${docdir}'
exec_prefix='${prefix}'
host_alias=''
htmldir='${docdir}'
includedir='${prefix}/include'
infodir='${datarootdir}/info'
install_sh='${SHELL} /home/katy/eclipse-workspacePR/tme7-KatiaAMICHI/install-sh'
libdir='${exec_prefix}/lib'
libexecdir='${exec_prefix}/libexec'
localedir='${datarootdir}/locale'
localstatedir='${prefix}/var'
mandir='${datarootdir}/man'
mkdir_p='$(MKDIR_P)'
oldincludedir='/usr/include'
pdfdir='${docdir}'
prefix='/usr/local'
program_transform_name='s,x,x,'
psdir='${docdir}'
runstatedir='${localstatedir}/run'
sbindir='${exec_prefix}/sbin'
sharedstatedir='${prefix}/com'
sysconfdir='${prefix}/etc'
target_alias=''

## ----------- ##
## confdefs.h. ##
## ----------- ##

/* confdefs.h */
#define PACKAGE_NAME "PR"
#define PACKAGE_TARNAME "pr"
#define PACKAGE_VERSION "0.0.1"
#define PACKAGE_STRING "PR 0.0.1"
#define PACKAGE_BUGREPORT "bugs@bugs.org"
#define PACKAGE_URL ""
#define PACKAGE "pr"
#define VERSION "0.0.1"

configure: exit 0
